TN:
SF:/Users/swn/www/222/swan-app/src/log/exception-monitor.js
FN:9,(anonymous_0)
FN:147,(anonymous_1)
FN:151,(anonymous_2)
FN:151,(anonymous_3)
FN:164,(anonymous_4)
FN:176,(anonymous_5)
FN:178,(anonymous_6)
FN:179,(anonymous_7)
FN:181,(anonymous_8)
FN:197,(anonymous_9)
FN:199,(anonymous_10)
FN:201,(anonymous_11)
FN:212,(anonymous_12)
FN:213,(anonymous_13)
FN:238,(anonymous_14)
FN:250,(anonymous_15)
FN:265,(anonymous_16)
FN:280,(anonymous_17)
FN:303,(anonymous_18)
FNF:19
FNH:19
FNDA:2,(anonymous_0)
FNDA:38,(anonymous_1)
FNDA:76,(anonymous_2)
FNDA:476,(anonymous_3)
FNDA:4,(anonymous_4)
FNDA:3,(anonymous_5)
FNDA:21,(anonymous_6)
FNDA:12,(anonymous_7)
FNDA:63,(anonymous_8)
FNDA:3,(anonymous_9)
FNDA:6,(anonymous_10)
FNDA:9,(anonymous_11)
FNDA:2,(anonymous_12)
FNDA:2,(anonymous_13)
FNDA:11,(anonymous_14)
FNDA:2,(anonymous_15)
FNDA:4,(anonymous_16)
FNDA:4,(anonymous_17)
FNDA:3,(anonymous_18)
DA:10,2
DA:148,38
DA:151,476
DA:153,38
DA:154,25
DA:165,4
DA:177,3
DA:178,21
DA:179,3
DA:180,12
DA:181,63
DA:182,12
DA:198,3
DA:200,6
DA:201,9
DA:202,6
DA:213,2
DA:214,2
DA:215,2
DA:217,2
DA:218,2
DA:219,2
DA:220,2
DA:221,2
DA:226,2
DA:227,1
DA:228,1
DA:239,11
DA:240,1
DA:242,11
DA:251,2
DA:252,2
DA:266,4
DA:269,4
DA:281,4
DA:282,4
DA:283,2
DA:284,2
DA:285,2
DA:291,2
DA:292,2
DA:304,3
DA:305,3
DA:307,2
DA:323,2
DA:338,1
LF:46
LH:46
BRDA:153,0,0,25
BRDA:153,0,1,13
BRDA:153,1,0,38
BRDA:153,1,1,37
BRDA:212,2,0,0
BRDA:226,3,0,1
BRDA:226,3,1,1
BRDA:239,4,0,1
BRDA:239,4,1,10
BRDA:266,5,0,4
BRDA:266,5,1,1
BRDA:303,6,0,2
BRF:12
BRH:11
end_of_record
TN:
SF:/Users/swn/www/222/swan-app/src/log/index.js
FN:23,(anonymous_0)
FN:43,(anonymous_1)
FN:45,(anonymous_2)
FN:66,(anonymous_3)
FN:78,(anonymous_4)
FN:103,(anonymous_5)
FN:138,(anonymous_6)
FN:161,(anonymous_7)
FN:217,(anonymous_8)
FN:224,(anonymous_9)
FN:266,(anonymous_10)
FN:353,(anonymous_11)
FN:449,(anonymous_12)
FN:502,(anonymous_13)
FN:514,(anonymous_14)
FN:516,(anonymous_15)
FN:547,(anonymous_16)
FN:553,(anonymous_17)
FN:562,(anonymous_18)
FNF:19
FNH:19
FNDA:1,(anonymous_0)
FNDA:4,(anonymous_1)
FNDA:9,(anonymous_2)
FNDA:6,(anonymous_3)
FNDA:156,(anonymous_4)
FNDA:45,(anonymous_5)
FNDA:2,(anonymous_6)
FNDA:9,(anonymous_7)
FNDA:10,(anonymous_8)
FNDA:3,(anonymous_9)
FNDA:17,(anonymous_10)
FNDA:20,(anonymous_11)
FNDA:2,(anonymous_12)
FNDA:2,(anonymous_13)
FNDA:7,(anonymous_14)
FNDA:4,(anonymous_15)
FNDA:2,(anonymous_16)
FNDA:2,(anonymous_17)
FNDA:6,(anonymous_18)
DA:24,1
DA:25,1
DA:26,1
DA:27,1
DA:28,1
DA:29,1
DA:30,1
DA:31,1
DA:32,1
DA:33,1
DA:34,1
DA:35,1
DA:45,4
DA:47,9
DA:48,3
DA:50,6
DA:51,6
DA:52,6
DA:53,6
DA:54,6
DA:55,6
DA:67,6
DA:77,31
DA:78,156
DA:79,1
DA:82,30
DA:83,29
DA:92,1
DA:102,25
DA:103,45
DA:104,1
DA:106,23
DA:113,9
DA:114,8
DA:115,8
DA:120,27
DA:139,2
DA:144,1
DA:145,1
DA:151,1
DA:164,9
DA:166,1
DA:167,1
DA:170,2
DA:171,2
DA:174,1
DA:175,1
DA:178,1
DA:179,1
DA:185,9
DA:187,1
DA:188,1
DA:191,1
DA:192,1
DA:195,1
DA:196,1
DA:199,1
DA:200,1
DA:204,1
DA:205,1
DA:208,9
DA:219,10
DA:221,10
DA:222,1
DA:224,9
DA:225,3
DA:226,3
DA:227,2
DA:234,9
DA:236,1
DA:243,2
DA:246,1
DA:249,1
DA:254,9
DA:255,9
DA:257,1
DA:267,17
DA:269,1
DA:270,1
DA:271,1
DA:272,1
DA:275,1
DA:278,1
DA:279,1
DA:280,1
DA:283,1
DA:284,1
DA:285,1
DA:288,1
DA:289,1
DA:290,1
DA:291,1
DA:294,1
DA:295,1
DA:296,1
DA:299,1
DA:300,1
DA:301,1
DA:304,1
DA:305,1
DA:306,1
DA:309,1
DA:310,1
DA:311,1
DA:314,1
DA:315,1
DA:316,1
DA:317,1
DA:323,1
DA:324,1
DA:325,1
DA:329,1
DA:330,1
DA:331,1
DA:334,1
DA:340,17
DA:341,17
DA:343,1
DA:354,20
DA:356,1
DA:357,1
DA:358,1
DA:361,1
DA:362,1
DA:363,1
DA:366,1
DA:367,1
DA:368,1
DA:369,1
DA:372,1
DA:373,1
DA:374,1
DA:375,1
DA:376,1
DA:379,1
DA:380,1
DA:381,1
DA:384,1
DA:385,1
DA:386,1
DA:389,1
DA:390,1
DA:393,1
DA:394,1
DA:397,1
DA:398,1
DA:399,1
DA:400,1
DA:404,1
DA:410,1
DA:411,1
DA:412,1
DA:415,1
DA:416,1
DA:417,1
DA:418,1
DA:421,1
DA:422,1
DA:423,1
DA:426,1
DA:427,1
DA:428,1
DA:431,3
DA:435,3
DA:436,3
DA:437,3
DA:438,3
DA:439,3
DA:446,3
DA:447,3
DA:448,2
DA:449,2
DA:450,2
DA:451,1
DA:452,1
DA:455,1
DA:460,1
DA:466,3
DA:467,3
DA:468,1
DA:469,1
DA:473,1
DA:477,3
DA:478,2
DA:479,2
DA:483,1
DA:489,20
DA:490,20
DA:492,1
DA:503,2
DA:515,7
DA:516,4
DA:517,4
DA:518,1
DA:520,3
DA:521,1
DA:525,3
DA:527,1
DA:530,1
DA:531,1
DA:540,1
DA:544,1
DA:545,1
DA:546,1
DA:547,1
DA:548,2
DA:549,1
DA:552,2
DA:553,1
DA:554,2
DA:555,1
DA:561,3
DA:562,3
DA:563,6
DA:564,1
LF:215
LH:215
BRDA:23,0,0,0
BRDA:47,1,0,3
BRDA:47,1,1,6
BRDA:47,2,0,9
BRDA:47,2,1,9
BRDA:50,3,0,6
BRDA:50,3,1,4
BRDA:67,4,0,5
BRDA:67,4,1,1
BRDA:77,5,0,1
BRDA:77,5,1,30
BRDA:77,6,0,31
BRDA:77,6,1,30
BRDA:78,7,0,156
BRDA:78,7,1,156
BRDA:82,8,0,29
BRDA:82,8,1,1
BRDA:82,9,0,30
BRDA:82,9,1,1
BRDA:102,10,0,24
BRDA:102,10,1,1
BRDA:103,11,0,1
BRDA:103,11,1,23
BRDA:103,12,0,45
BRDA:103,12,1,45
BRDA:113,13,0,8
BRDA:113,13,1,1
BRDA:139,14,0,1
BRDA:139,14,1,1
BRDA:164,15,0,1
BRDA:164,15,1,2
BRDA:164,15,2,1
BRDA:164,15,3,1
BRDA:164,15,4,4
BRDA:185,16,0,1
BRDA:185,16,1,1
BRDA:185,16,2,1
BRDA:185,16,3,1
BRDA:185,16,4,1
BRDA:204,17,0,1
BRDA:204,17,1,1
BRDA:208,18,0,9
BRDA:208,18,1,5
BRDA:221,19,0,1
BRDA:221,19,1,9
BRDA:221,20,0,10
BRDA:221,20,1,10
BRDA:255,21,0,9
BRDA:255,21,1,5
BRDA:324,22,0,1
BRDA:324,22,1,0
BRDA:341,23,0,17
BRDA:341,23,1,13
BRDA:447,24,0,2
BRDA:447,24,1,1
BRDA:450,25,0,1
BRDA:450,25,1,1
BRDA:467,26,0,1
BRDA:467,26,1,2
BRDA:467,27,0,3
BRDA:467,27,1,1
BRDA:477,28,0,2
BRDA:477,28,1,1
BRDA:490,29,0,20
BRDA:490,29,1,20
BRDA:515,30,0,4
BRDA:515,30,1,3
BRDA:517,31,0,1
BRDA:517,31,1,3
BRDA:520,32,0,1
BRDA:520,32,1,2
BRDA:525,33,0,1
BRDA:525,33,1,2
BRDA:525,34,0,3
BRDA:525,34,1,1
BRDA:525,34,2,2
BRDA:530,35,0,1
BRDA:530,35,1,0
BRDA:546,36,0,1
BRDA:546,36,1,0
BRDA:548,37,0,1
BRDA:548,37,1,1
BRDA:552,38,0,1
BRDA:552,38,1,1
BRDA:554,39,0,1
BRDA:554,39,1,1
BRDA:561,40,0,1
BRDA:561,40,1,2
BRDA:563,41,0,1
BRDA:563,41,1,5
BRDA:563,42,0,6
BRDA:563,42,1,6
BRF:92
BRH:88
end_of_record
TN:
SF:/Users/swn/www/222/swan-app/src/log/performanceLog.js
FN:8,(anonymous_0)
FN:11,(anonymous_1)
FN:29,(anonymous_2)
FN:41,(anonymous_3)
FN:51,(anonymous_4)
FNF:5
FNH:5
FNDA:2,(anonymous_0)
FNDA:4,(anonymous_1)
FNDA:1,(anonymous_2)
FNDA:3,(anonymous_3)
FNDA:3,(anonymous_4)
DA:9,2
DA:13,4
DA:30,1
DA:42,3
DA:52,3
LF:5
LH:5
BRDA:29,0,0,1
BRF:1
BRH:1
end_of_record
TN:
SF:/Users/swn/www/222/swan-app/src/log/statistics.js
FN:9,(anonymous_0)
FN:18,(anonymous_1)
FN:34,(anonymous_2)
FN:43,(anonymous_3)
FN:44,(anonymous_4)
FN:61,(anonymous_5)
FN:106,(anonymous_6)
FNF:7
FNH:7
FNDA:2,(anonymous_0)
FNDA:3,(anonymous_1)
FNDA:4,(anonymous_2)
FNDA:4,(anonymous_3)
FNDA:4,(anonymous_4)
FNDA:2,(anonymous_5)
FNDA:9,(anonymous_6)
DA:10,2
DA:19,3
DA:20,3
DA:21,3
DA:22,3
DA:23,1
DA:24,1
DA:26,2
DA:27,2
DA:28,2
DA:30,2
DA:33,2
DA:35,4
DA:36,2
DA:38,4
DA:42,2
DA:43,2
DA:44,4
DA:45,4
DA:46,4
DA:48,4
DA:49,4
DA:50,2
DA:55,4
DA:58,2
DA:60,2
DA:63,2
DA:64,2
DA:65,2
DA:66,2
DA:72,2
DA:73,2
DA:85,3
DA:97,1
DA:107,9
LF:35
LH:35
BRDA:22,0,0,1
BRDA:22,0,1,2
BRDA:35,1,0,2
BRDA:35,1,1,2
BRDA:43,2,0,2
BRDA:45,3,0,4
BRDA:45,3,1,0
BRDA:49,4,0,2
BRDA:49,4,1,2
BRDA:49,5,0,4
BRDA:49,5,1,4
BRF:11
BRH:10
end_of_record
TN:
SF:/Users/swn/www/222/swan-app/src/utils/index.js
FN:12,(anonymous_0)
FN:29,(anonymous_1)
FNF:2
FNH:2
FNDA:5,(anonymous_0)
FNDA:2,(anonymous_1)
DA:12,3
DA:13,5
DA:14,5
DA:15,5
DA:16,13
DA:17,20
DA:18,2
DA:19,2
DA:22,13
DA:24,5
DA:29,3
DA:31,2
DA:34,1
DA:37,1
DA:38,1
LF:15
LH:15
BRDA:17,0,0,2
BRDA:17,0,1,18
BRDA:31,1,0,1
BRDA:31,1,1,1
BRDA:31,2,0,2
BRDA:31,2,1,2
BRDA:31,2,2,1
BRDA:31,2,3,1
BRDA:37,3,0,1
BRDA:37,3,1,0
BRDA:37,4,0,1
BRDA:37,4,1,1
BRF:12
BRH:11
end_of_record
